Discord 0.0.94
(electron) 'session.getPreloads' is deprecated and will be removed. Please use 'session.getPreloadScripts' instead.
(electron) 'session.setPreloads' is deprecated and will be removed. Please use 'session.registerPreloadScript' instead.
Starting app.
Starting updater.
5/6/2025, 1:16:26 PM GMT+1 [Modules] Modules initializing
5/6/2025, 1:16:26 PM GMT+1 [Modules] Distribution: remote
5/6/2025, 1:16:26 PM GMT+1 [Modules] Host updates: enabled
5/6/2025, 1:16:26 PM GMT+1 [Modules] Module updates: enabled
5/6/2025, 1:16:26 PM GMT+1 [Modules] Module install path: /home/lwilson/.config/discord/0.0.94/modules
5/6/2025, 1:16:26 PM GMT+1 [Modules] Module installed file path: /home/lwilson/.config/discord/0.0.94/modules/installed.json
5/6/2025, 1:16:26 PM GMT+1 [Modules] Module download path: /home/lwilson/.config/discord/0.0.94/modules/pending
splashScreen.initSplash(false)
CDM component API found
blackbox: 5/6/2025, 1:16:26 PM GMT+1 0 

----------------------------------------------
CDM completed with status: cdm-ready-success
[39795:0506/131626.669319:ERROR:object_proxy.cc(576)] Failed to call method: org.freedesktop.DBus.Properties.Get: object_path= /org/freedesktop/portal/desktop: org.freedesktop.DBus.Error.InvalidArgs: No such interface “org.freedesktop.portal.FileChooser”
blackbox: 5/6/2025, 1:16:26 PM GMT+1 1 Discord starting: {"releaseChannel":"stable","version":"0.0.94"}, modulepath: /home/lwilson/.config/discord/0.0.94/modules
blackbox: 5/6/2025, 1:16:26 PM GMT+1 2 Wrote 409360 byte minidump to /home/lwilson/.config/discord/0.0.94/modules/crashlogs/5_6_2025__1_16_26_PM_GMT_1-0-minidump.dmp
blackbox: 5/6/2025, 1:16:26 PM GMT+1 3 ✅ webContents.created web1 ""
blackbox: 5/6/2025, 1:16:26 PM GMT+1 4 ✅ window.created win1 "discord"
blackbox: 5/6/2025, 1:16:26 PM GMT+1 5 Sentry report: {"contexts":{"trace":{"trace_id":"1c2c06c731ab4330a1fc3c70661c472c","span_id":"9db94b9bc9abb8d3"},"app":{"app_name":"discord","app_version":"0.0.94","app_start_time":"2025-05-06T08:19:45.462Z"},"os":{"kernel_version":"6.14.4-arch1-2","name":"Arch Linux"},"browser":{"name":"Chrome"},"chrome":{"name":"Chrome","type":"runtime","version":"134.0.6998.179"},"device":{"arch":"x64","family":"Desktop","language":"en-GB","screen_density":1,"screen_resolution":"1920x1080","memory_size":67166736384,"free_memory":58637766656,"processor_count":32,"cpu_description":"13th Gen Intel(R) Core(TM) i9-13900K","processor_frequency":5497},"node":{"name":"Node","type":"runtime","version":"22.14.0"},"runtime":{"name":"Electron","version":"35.1.5"}},"environment":"stable","release":"0.0.94","user":{"ip_address":"{{auto}}","id":"168475521796014081","username":"potatosaladname","email":"lucas.johnathan.wilson@gmail.com"},"tags":{"event.origin":"electron","event.environment":"native","event.process":"browser","event_type":"native","nativeBuildNumber":"null"},"level":"fatal","platform":"native","breadcrumbs":[{"timestamp":1746519586.474,"category":"console","level":"log","message":"splashScreen.updateSplashState launching launching {}"},{"timestamp":1746519586.474,"category":"console","level":"log","message":"splashScreen.webContentsSend: SPLASH_UPDATE_STATE SPLASH_UPDATE_STATE [ { status: 'launching' } ]"},{"timestamp":1746519586.474,"category":"console","level":"log","message":"blackbox: 5/6/2025, 9:19:46 AM GMT+1 5 ✅ webContents.created web2 \"\""},{"timestamp":1746519586.48,"category":"console","level":"log","message":"blackbox: 5/6/2025, 9:19:46 AM GMT+1 6 ✅ window.created win2 \"Discord\""},{"timestamp":1746519586.865,"category":"console","data":{"arguments":["Initializing voice engine with audio subsystem: standard"],"logger":"console"},"level":"log","message":"Initializing voice engine with audio subsystem: standard"},{"timestamp":1746519586.908,"category":"console","level":"log","message":"legacyModuleUpdater: installed-module discord_krisp 1 1 true"},{"timestamp":1746519586.911,"category":"console","level":"log","message":"legacyModuleUpdater: installed-module discord_game_utils 1 1 true"},{"timestamp":1746519586.979,"category":"console","level":"log","message":"mainScreen.UpdaterEvents: UPDATER_HISTORY_QUERY_AND_TRUNCATE"},{"timestamp":1746519586.987,"category":"electron","message":"renderer.dom-ready","type":"ui","data":{"id":2,"url":"https://discord.com/app?_=1746519586458"}},{"timestamp":1746519587.534,"category":"console","level":"log","message":"mainScreen.UpdaterEvents: UPDATER_HISTORY_QUERY_AND_TRUNCATE"},{"timestamp":1746519587.548,"category":"console","level":"log","message":"mainScreen.UpdaterEvents: UPDATER_HISTORY_QUERY_AND_TRUNCATE"},{"timestamp":1746519587.692,"category":"console","level":"log","message":"legacyModuleUpdater: installed-module discord_rpc 1 1 true"},{"timestamp":1746519587.702,"category":"console","level":"log","message":"mainScreen.UpdaterEvents: UPDATER_HISTORY_QUERY_AND_TRUNCATE"},{"timestamp":1746519587.728,"category":"console","level":"log","message":"mainScreen.on(did-finish-load) false false"},{"timestamp":1746519587.728,"category":"console","level":"log","message":"blackbox: 5/6/2025, 9:19:47 AM GMT+1 7 ✅ webContents.did-finish-load web2"},{"timestamp":1746519587.728,"category":"console","level":"log","message":"splashScreen.pageReady"},{"timestamp":1746519587.729,"category":"electron","message":"window.show","type":"ui","data":{"id":2,"url":"https://discord.com/app?_=1746519586458","title":""}},{"timestamp":1746519587.736,"category":"electron","message":"window.blur","type":"ui","data":{"id":1,"url":"app:///app_bootstrap/splash/index.html"}},{"timestamp":1746519587.736,"category":"electron","message":"app.browser-window-blur","type":"ui"},{"timestamp":1746519587.736,"category":"electron","message":"window.focus","type":"ui","data":{"id":2,"url":"https://discord.com/app?_=1746519586458","title":""}},{"timestamp":1746519587.736,"category":"electron","message":"app.browser-window-focus","type":"ui"},{"timestamp":1746519587.829,"category":"electron","message":"window.hide","type":"ui","data":{"id":1,"url":"app:///app_bootstrap/splash/index.html"}},{"timestamp":1746519587.829,"category":"electron","message":"window.close","type":"ui","data":{"id":1,"url":"app:///app_bootstrap/splash/index.html"}},{"timestamp":1746519587.831,"category":"console","level":"log","message":"blackbox: 5/6/2025, 9:19:47 AM GMT+1 8 window.close win1"},{"timestamp":1746519587.832,"category":"electron","message":"renderer.destroyed","type":"ui","data":{"id":1,"url":"app:///app_bootstrap/splash/index.html"}},{"timestamp":1746519587.857,"category":"electron","message":"window.closed","type":"ui","data":{"id":1,"url":"app:///app_bootstrap/splash/index.html"}},{"timestamp":1746519587.859,"category":"console","level":"log","message":"blackbox: 5/6/2025, 9:19:47 AM GMT+1 9 webContents.destroyed web1"},{"timestamp":1746519587.861,"category":"console","level":"log","message":"blackbox: 5/6/2025, 9:19:47 AM GMT+1 10 window.closed win1"},{"timestamp":1746519590.76,"category":"console","level":"log","message":"mainScreen.UpdaterEvents: CHECK_FOR_UPDATES UPDATE_NOT_AVAILABLE"},{"timestamp":1746519590.76,"category":"console","level":"log","message":"5/6/2025, 9:19:50 AM GMT+1 [Modules] Checking for host updates."},{"timestamp":1746519590.946,"type":"http","category":"electron.net","data":{"url":"https://discord.com/api/updates/stable?platform=linux&version=0.0.94","method":"GET","status_code":204}},{"timestamp":1746519590.947,"category":"console","level":"log","message":"5/6/2025, 9:19:50 AM GMT+1 [Modules] Host is up to date."},{"timestamp":1746519590.947,"category":"console","level":"log","message":"5/6/2025, 9:19:50 AM GMT+1 [Modules] Checking for module updates at https://discord.com/api/modules/stable/versions.json"},{"timestamp":1746519590.948,"type":"http","category":"electron.net","data":{"url":"https://discord.com/api/modules/stable/versions.json?host_version=0.0.94&platform=linux&_=5821731","method":"GET","status_code":200}},{"timestamp":1746519590.948,"category":"console","level":"log","message":"5/6/2025, 9:19:50 AM GMT+1 [Modules] No module updates available."},{"timestamp":1746519590.948,"category":"console","level":"log","message":"legacyModuleUpdater: update-check-finished"},{"timestamp":1746519639.821,"category":"ui.click","message":"div.tabBody__133bf > div#online-tab.peopleColumn__133bf"},{"timestamp":1746519642.674,"category":"ui.click","message":"div.wrapper_cc5dd2 > svg > foreignobject > div.wrapper__6e9f8.selected__6e9f8"},{"timestamp":1746519675.537,"category":"ui.click","message":"div#message-accessories-1369089783158014123.container_b7e1cb"},{"timestamp":1746519689.119,"category":"ui.click","message":"div.clickTrapContainer_da8173.trapClicks_da8173"},{"timestamp":1746519693.309,"category":"ui.click","message":"div#message-content-1369089783158014123.markup__75297.messageContent_c19a55"},{"timestamp":1746519696.311,"category":"ui.click","message":"div.label_c1e9c4"},{"timestamp":1746519705.883,"category":"ui.click","message":"div.wrapper_cc5dd2 > svg > foreignobject > div.wrapper__6e9f8.selected__6e9f8"},{"timestamp":1746519717.394,"category":"ui.click","message":"div#message-accessories-1368617223526289596.container_b7e1cb"},{"timestamp":1746519722.479,"category":"ui.click","message":"div#message-accessories-1369001851441385604.container_b7e1cb"},{"timestamp":1746519749.774,"category":"electron","message":"window.blur","type":"ui","data":{"id":2,"url":"https://discord.com/channels/948386330205908992/948386330998612042"}},{"timestamp":1746519749.774,"category":"electron","message":"app.browser-window-blur","type":"ui"},{"timestamp":1746519919.753,"category":"electron","message":"window.focus","type":"ui","data":{"id":2,"url":"https://discord.com/channels/948386330205908992/948386330998612042"}},{"timestamp":1746519919.753,"category":"electron","message":"app.browser-window-focus","type":"ui"},{"timestamp":1746519920.071,"category":"electron","message":"window.blur","type":"ui","data":{"id":2,"url":"https://discord.com/channels/948386330205908992/948386330998612042"}},{"timestamp":1746519920.072,"category":"electron","message":"app.browser-window-blur","type":"ui"},{"timestamp":1746519920.78,"category":"electron","message":"window.focus","type":"ui","data":{"id":2,"url":"https://discord.com/channels/948386330205908992/948386330998612042"}},{"timestamp":1746519920.78,"category":"electron","message":"app.browser-window-focus","type":"ui"},{"timestamp":1746519924.795,"category":"electron","message":"window.blur","type":"ui","data":{"id":2,"url":"https://discord.com/channels/948386330205908992/948386330998612042"}},{"timestamp":1746519924.795,"category":"electron","message":"app.browser-window-blur","type":"ui"},{"timestamp":1746519934.286,"category":"electron","message":"window.focus","type":"ui","data":{"id":2,"url":"https://discord.com/channels/948386330205908992/948386330998612042"}},{"timestamp":1746519934.287,"category":"electron","message":"app.browser-window-focus","type":"ui"},{"timestamp":1746519963.594,"category":"ui.click","message":"div#message-accessories-1369001851441385604.container_b7e1cb"},{"timestamp":1746519964.198,"category":"electron","message":"window.blur","type":"ui","data":{"id":2,"url":"https://discord.com/channels/948386330205908992/948386330998612042"}},{"timestamp":1746519964.198,"category":"electron","message":"app.browser-window-blur","type":"ui"},{"timestamp":1746519970.589,"category":"electron","message":"window.focus","type":"ui","data":{"id":2,"url":"https://discord.com/channels/948386330205908992/948386330998612042"}},{"timestamp":1746519970.589,"category":"electron","message":"app.browser-window-focus","type":"ui"},{"timestamp":1746519975.969,"category":"electron","message":"window.blur","type":"ui","data":{"id":2,"url":"https://discord.com/channels/948386330205908992/948386330998612042"}},{"timestamp":1746519975.969,"category":"electron","message":"app.browser-window-blur","type":"ui"},{"timestamp":1746519980.743,"category":"electron","message":"window.focus","type":"ui","data":{"id":2,"url":"https://discord.com/channels/948386330205908992/948386330998612042"}},{"timestamp":1746519980.743,"category":"electron","message":"app.browser-window-focus","type":"ui"},{"timestamp":1746519981.174,"category":"electron","message":"window.blur","type":"ui","data":{"id":2,"url":"https://discord.com/channels/948386330205908992/948386330998612042"}},{"timestamp":1746519981.174,"category":"electron","message":"app.browser-window-blur","type":"ui"},{"timestamp":1746519987.773,"category":"electron","message":"window.focus","type":"ui","data":{"id":2,"url":"https://discord.com/channels/948386330205908992/948386330998612042"}},{"timestamp":1746519987.773,"category":"electron","message":"app.browser-window-focus","type":"ui"},{"timestamp":1746519994.196,"category":"electron","message":"window.blur","type":"ui","data":{"id":2,"url":"https://discord.com/channels/948386330205908992/948386330998612042"}},{"timestamp":1746519994.196,"category":"electron","message":"app.browser-window-blur","type":"ui"},{"timestamp":1746519998.917,"category":"electron","message":"window.focus","type":"ui","data":{"id":2,"url":"https://discord.com/channels/948386330205908992/948386330998612042"}},{"timestamp":1746519998.917,"category":"electron","message":"app.browser-window-focus","type":"ui"},{"timestamp":1746520000.834,"category":"electron","message":"window.blur","type":"ui","data":{"id":2,"url":"https://discord.com/channels/948386330205908992/948386330998612042"}},{"timestamp":1746520000.834,"category":"electron","message":"app.browser-window-blur","type":"ui"},{"timestamp":1746520008.354,"category":"electron","message":"window.focus","type":"ui","data":{"id":2,"url":"https://discord.com/channels/948386330205908992/948386330998612042"}},{"timestamp":1746520008.354,"category":"electron","message":"app.browser-window-focus","type":"ui"},{"timestamp":1746520012.37,"category":"electron","message":"window.blur","type":"ui","data":{"id":2,"url":"https://discord.com/channels/948386330205908992/948386330998612042"}},{"timestamp":1746520012.37,"category":"electron","message":"app.browser-window-blur","type":"ui"},{"timestamp":1746520022.764,"category":"electron","message":"window.focus","type":"ui","data":{"id":2,"url":"https://discord.com/channels/948386330205908992/948386330998612042"}},{"timestamp":1746520022.764,"category":"electron","message":"app.browser-window-focus","type":"ui"},{"timestamp":1746520023.792,"category":"electron","message":"window.blur","type":"ui","data":{"id":2,"url":"https://discord.com/channels/948386330205908992/948386330998612042"}},{"timestamp":1746520023.792,"category":"electron","message":"app.browser-window-blur","type":"ui"},{"timestamp":1746520024.051,"category":"electron","message":"window.focus","type":"ui","data":{"id":2,"url":"https://discord.com/channels/948386330205908992/948386330998612042"}},{"timestamp":1746520024.051,"category":"electron","message":"app.browser-window-focus","type":"ui"},{"timestamp":1746520024.228,"category":"electron","message":"window.blur","type":"ui","data":{"id":2,"url":"https://discord.com/channels/948386330205908992/948386330998612042"}},{"timestamp":1746520024.228,"category":"electron","message":"app.browser-window-blur","type":"ui"},{"timestamp":1746520024.375,"category":"electron","message":"window.focus","type":"ui","data":{"id":2,"url":"https://discord.com/channels/948386330205908992/948386330998612042"}},{"timestamp":1746520024.375,"category":"electron","message":"app.browser-window-focus","type":"ui"},{"timestamp":1746520024.507,"category":"electron","message":"window.blur","type":"ui","data":{"id":2,"url":"https://discord.com/channels/948386330205908992/948386330998612042"}},{"timestamp":1746520024.507,"category":"electron","message":"app.browser-window-blur","type":"ui"},{"timestamp":1746520024.654,"category":"electron","message":"window.focus","type":"ui","data":{"id":2,"url":"https://discord.com/channels/948386330205908992/948386330998612042"}},{"timestamp":1746520024.654,"category":"electron","message":"app.browser-window-focus","type":"ui"},{"timestamp":1746520024.776,"category":"electron","message":"window.blur","type":"ui","data":{"id":2,"url":"https://discord.com/channels/948386330205908992/948386330998612042"}},{"timestamp":1746520024.776,"category":"electron","message":"app.browser-window-blur","type":"ui"},{"timestamp":1746520024.98,"category":"electron","message":"window.focus","type":"ui","data":{"id":2,"url":"https://discord.com/channels/948386330205908992/948386330998612042"}},{"timestamp":1746520024.981,"category":"electron","message":"app.browser-window-focus","type":"ui"},{"timestamp":1746520025.055,"category":"electron","message":"window.blur","type":"ui","data":{"id":2,"url":"https://discord.com/channels/948386330205908992/948386330998612042"}},{"timestamp":1746520025.056,"category":"electron","message":"app.browser-window-blur","type":"ui"},{"timestamp":1746533786.607,"category":"console","level":"log","message":"Discord 0.0.94"},{"timestamp":1746533786.64,"category":"electron","message":"app.will-finish-launching","type":"ui"},{"timestamp":1746533786.642,"category":"electron","message":"app.ready","type":"ui"},{"timestamp":1746533786.645,"category":"electron","message":"app.session-created","type":"ui"},{"timestamp":1746533786.645,"category":"console","level":"warning","message":"(electron) 'session.getPreloads' is deprecated and will be removed. Please use 'session.getPreloadScripts' instead."},{"timestamp":1746533786.645,"category":"console","level":"warning","message":"(electron) 'session.setPreloads' is deprecated and will be removed. Please use 'session.registerPreloadScript' instead."},{"timestamp":1746533786.646,"category":"console","level":"log","message":"Starting app."},{"timestamp":1746533786.647,"category":"console","level":"log","message":"Starting updater."},{"timestamp":1746533786.653,"category":"console","level":"log","message":"5/6/2025, 1:16:26 PM GMT+1 [Modules] Modules initializing"},{"timestamp":1746533786.653,"category":"console","level":"log","message":"5/6/2025, 1:16:26 PM GMT+1 [Modules] Distribution: remote"},{"timestamp":1746533786.653,"category":"console","level":"log","message":"5/6/2025, 1:16:26 PM GMT+1 [Modules] Host updates: enabled"},{"timestamp":1746533786.653,"category":"console","level":"log","message":"5/6/2025, 1:16:26 PM GMT+1 [Modules] Module updates: enabled"},{"timestamp":1746533786.653,"category":"console","level":"log","message":"5/6/2025, 1:16:26 PM GMT+1 [Modules] Module install path: /home/lwilson/.config/discord/0.0.94/modules"},{"timestamp":1746533786.653,"category":"console","level":"log","message":"5/6/2025, 1:16:26 PM GMT+1 [Modules] Module installed file path: /home/lwilson/.config/discord/0.0.94/modules/installed.json"},{"timestamp":1746533786.653,"category":"console","level":"log","message":"5/6/2025, 1:16:26 PM GMT+1 [Modules] Module download path: /home/lwilson/.config/discord/0.0.94/modules/pending"},{"timestamp":1746533786.654,"category":"console","level":"log","message":"splashScreen.initSplash(false)"},{"timestamp":1746533786.654,"category":"console","level":"log","message":"CDM component API found"},{"timestamp":1746533786.659,"category":"electron","message":"app.web-contents-created","type":"ui"},{"timestamp":1746533786.66,"category":"electron","message":"app.browser-window-created","type":"ui"},{"timestamp":1746533786.667,"category":"console","level":"log","message":"blackbox: 5/6/2025, 1:16:26 PM GMT+1 0 \n\n----------------------------------------------"},{"timestamp":1746533786.668,"category":"console","level":"log","message":"CDM completed with status: cdm-ready-success"}],"event_id":"bd8e96b4af7b49f5a63105d67a103c15","timestamp":1746533786.673,"sdk":{"integrations":["SentryMinidump","ElectronBreadcrumbs","Net","MainContext","ChildProcess","OnUncaughtException","PreloadInjection","AdditionalContext","Screenshots","RendererProfiling","InboundFilters","FunctionToString","LinkedErrors","RequestData","Console","Http","Undici","OnUnhandledRejection","ContextLines","LocalVariables","Modules"],"name":"sentry.javascript.electron","version":"4.24.0","packages":[{"name":"npm:@sentry/electron","version":"4.24.0"}]},"modules":{"mkdirp":"1.0.4","yauzl":"2.10.0","fd-slicer":"1.1.0","pend":"1.2.0","buffer-crc32":"0.2.13","rimraf":"2.7.1","glob":"7.2.3","fs.realpath":"1.0.0","minimatch":"3.1.2","brace-expansion":"1.1.11","concat-map":"0.0.1","balanced-match":"1.0.2","inherits":"2.0.4","path-is-absolute":"1.0.1","inflight":"1.0.6","wrappy":"1.0.2","once":"1.4.0","request":"2.88.0","extend":"3.0.2","tough-cookie":"2.4.3","psl":"1.15.0","json-stringify-safe":"5.0.1","safe-buffer":"5.2.1","aws-sign2":"0.7.0","aws4":"1.13.2","http-signature":"1.2.0","assert-plus":"1.0.0","sshpk":"1.18.0","safer-buffer":"2.1.2","asn1":"0.2.6","ecc-jsbn":"0.1.2","jsbn":"0.1.1","tweetnacl":"0.14.5","jsprim":"1.4.2","extsprintf":"1.3.0","verror":"1.10.0","core-util-is":"1.0.2","json-schema":"0.4.0","mime-types":"2.1.35","mime-db":"1.52.0","caseless":"0.12.0","forever-agent":"0.6.1","form-data":"2.3.3","combined-stream":"1.0.8","delayed-stream":"1.0.0","asynckit":"0.4.0","isstream":"0.1.2","is-typedarray":"1.0.0","qs":"6.5.3","har-validator":"5.1.5","ajv":"6.12.6","uri-js":"4.4.1","fast-deep-equal":"3.1.3","json-schema-traverse":"0.4.1","fast-json-stable-stringify":"2.1.0","har-schema":"2.0.0","uuid":"3.4.0","oauth-sign":"0.9.0","tunnel-agent":"0.6.0","performance-now":"2.1.0","arch":"2.2.0","tslib":"2.8.1","localforage":"1.10.0","deepmerge":"4.3.0","electron-log":"5.2.0"},"extra":{"release_channel":"stable","sentry":{"environment":"stable","release":"0.0.94"},"wm":"Hyprland,unknown"}}
(electron) 'console-message' arguments are deprecated and will be removed. Please use Event<WebContentsConsoleMessageEventParams> object instead.
13:16:26.738 › DiscordSplash.signalReady
splashScreen: SPLASH_SCREEN_READY
splashScreen.webContentsSend: SPLASH_SCREEN_QUOTE SPLASH_SCREEN_QUOTE [ 'Hold Tight — Loading Discord' ]
5/6/2025, 1:16:26 PM GMT+1 [Modules] No updates to install
splashScreen: no-pending-updates
5/6/2025, 1:16:26 PM GMT+1 [Modules] Checking for host updates.
splashScreen: checking-for-updates
splashScreen.updateSplashState checking-for-updates checking-for-updates {}
splashScreen.webContentsSend: SPLASH_UPDATE_STATE SPLASH_UPDATE_STATE [ { status: 'checking-for-updates' } ]
13:16:26.744 › DiscordSplash.onStateUpdate: {"status":"checking-for-updates"}
13:16:26.745 › Splash.onStateUpdate: {"status":"checking-for-updates"}
blackbox: 5/6/2025, 1:16:26 PM GMT+1 6 ✅ webContents.did-finish-load web1
5/6/2025, 1:16:26 PM GMT+1 [Modules] Host is up to date.
5/6/2025, 1:16:26 PM GMT+1 [Modules] Checking for module updates at https://discord.com/api/modules/stable/versions.json
5/6/2025, 1:16:27 PM GMT+1 [Modules] No module updates available.
splashScreen: update-check-finished true 0 false
splashScreen.launchMainWindow: false
Optional module ./ElectronTestRpc was not included.
splashScreen.updateSplashState launching launching {}
splashScreen.webContentsSend: SPLASH_UPDATE_STATE SPLASH_UPDATE_STATE [ { status: 'launching' } ]
blackbox: 5/6/2025, 1:16:27 PM GMT+1 7 ✅ webContents.created web2 ""
13:16:27.056 › DiscordSplash.onStateUpdate: {"status":"launching"}
13:16:27.056 › Splash.onStateUpdate: {"status":"launching"}
blackbox: 5/6/2025, 1:16:27 PM GMT+1 8 ✅ window.created win2 "Discord"
13:16:27.372 › [FAST CONNECT] wss://gateway.discord.gg/?encoding=etf&v=9&compress=zstd-stream, encoding: etf, version: 9
13:16:27.465 › Initializing voice engine with audio subsystem: standard
13:16:27.488 › [DatabaseManager] active user changed (now: 168475521796014081, was: null, was: undefined)
legacyModuleUpdater: installed-module discord_krisp 1 1 true
13:16:27.503 › [default] [BUILD INFO] Release Channel: stable, Build Number: 396858, Version Hash: 706f19738f5d0476f16c4ebfb5e4769422c381c0
legacyModuleUpdater: installed-module discord_game_utils 1 1 true
13:16:27.537 › [default] [NATIVE INFO] host 0.0.94, modules: discord_desktop_core: 1, discord_erlpack: 1, discord_spellcheck: 1, discord_utils: 1, discord_voice: 1, discord_zstd: 1, discord_krisp: 1, discord_game_utils: 1, discord_rpc: 1, build: null
mainScreen.UpdaterEvents: UPDATER_HISTORY_QUERY_AND_TRUNCATE
13:16:27.738 › Splash.updateCountdownSeconds: undefined
WEIGHT /home/lwilson/.config/discord/0.0.94/modules/discord_krisp/c5.n.s.20949d.kw
WEIGHT /home/lwilson/.config/discord/0.0.94/modules/discord_krisp/c5.s.w.c9ac8f.kw
WEIGHT /home/lwilson/.config/discord/0.0.94/modules/discord_krisp/c6.f.s.ced125.kw
WEIGHT /home/lwilson/.config/discord/0.0.94/modules/discord_krisp/VAD_model.kw
13:16:27.943 › [Spellchecker] sh is not a valid locale.
13:16:27.958 › [FAST CONNECT] connected in 585ms
mainScreen.UpdaterEvents: UPDATER_HISTORY_QUERY_AND_TRUNCATE
13:16:27.967 › [Spellchecker] Switching to en-US (available)
mainScreen.UpdaterEvents: UPDATER_HISTORY_QUERY_AND_TRUNCATE
13:16:28.046 › [libdiscore] The answer for life the universe and everything is: 42
13:16:28.112 › [CloudSyncUtils] CloudSync is not supported on this platform
legacyModuleUpdater: installed-module discord_rpc 1 1 true
mainScreen.on(did-finish-load) false false
blackbox: 5/6/2025, 1:16:28 PM GMT+1 9 ✅ webContents.did-finish-load web2
splashScreen.pageReady
mainScreen.UpdaterEvents: UPDATER_HISTORY_QUERY_AND_TRUNCATE
13:16:28.157 › [ConnectionStore] Socket is reconnecting because of starting new session
13:16:28.157 › [GatewaySocket] .connect() called, new state is WILL_RECONNECT
13:16:28.157 › [GatewaySocket] Setting connection state to WILL_RECONNECT
13:16:28.157 › [GatewaySocket] Setting connection state to CONNECTING
13:16:28.157 › [GatewaySocket] [CONNECT] wss://gateway.discord.gg, encoding: etf, version: 9, compression: zstd-stream
13:16:28.158 › [GatewaySocket] [FAST CONNECT] successfully took over websocket, state: [object Object]
13:16:28.158 › [GatewaySocket] [CONNECTED] wss://gateway.discord.gg/?encoding=etf&v=9&compress=zstd-stream in 0 ms
13:16:28.158 › [ConnectionStore] handleIdentify called [object Object]
13:16:28.158 › [GatewaySocket] Setting connection state to IDENTIFYING
13:16:28.158 › [GatewaySocket] [HELLO] via 
gateway-prd-us-east1-b-pjnr: 0, heartbeat interval: 41250, took 0 ms
13:16:28.160 › [GatewaySocket] [IDENTIFY]
13:16:28.176 › [RPCServer:WSS] Starting on 6463
13:16:28.187 › [RPCServer:IPC] Starting on /run/user/1000/discord-ipc-0
blackbox: 5/6/2025, 1:16:28 PM GMT+1 10 window.close win1
blackbox: 5/6/2025, 1:16:28 PM GMT+1 11 webContents.destroyed web1
blackbox: 5/6/2025, 1:16:28 PM GMT+1 12 window.closed win1
13:16:28.982 › [GatewaySocket] [READY] took 825ms, as 99acd24bb1ba6610b3215bb90559f671
13:16:28.983 › [GatewaySocket] 
gateway-prd-us-east1-b-pjnr: 278.526
|  id_created: 0.717
|  session_lookup_time: 0.348
|  session_lookup_finished: 0.016
|  discord-sessions-prd-2-76: 262.707
|  |  start_session: 136.061
|  |  |  discord-api-rpc-6b66dd8748-5qhdj: 117.27
|  |  |  |  get_user: 8.503
|  |  |  |  get_guilds: 47.984
|  |  |  |  user_settings_proto: 0.071
|  |  |  |  relationships: 35.541
|  |  |  |  game_relationships: 0.002
|  |  |  |  friend_suggestion: 0.042
|  |  |  |  connections: 0.14
|  |  |  |  serialized_read_states: 0.004
|  |  |  |  send_scheduled_deletion_message: 0.001
|  |  |  |  sanitize_premium_perks: 0.001
|  |  |  |  guild_join_requests: 0.001
|  |  |  |  user_guild_settings: 0.001
|  |  |  |  serialized_private_channels: 0.002
|  |  |  |  user_segments: 1.377
|  |  |  |  game_invites: 0.002
|  |  |  |  blocker_ids: 0.001
|  |  |  |  affine_user_ids: 0.005
|  |  |  |  experiments: 11.638
|  |  |  |  required_action: 0.008
|  |  |  |  authorized_ip_coro: 0.001
|  |  |  |  pending_payments: 1.466
|  |  |  |  apex_user_experiments: 0.003
|  |  |  |  user_activities: 0.001
|  |  starting_guild_connect: 0.066
|  |  presence_started: 0.396
|  |  guilds_started: 0.94
|  |  lobbies_started: 0.001
|  |  guilds_connect: 99.801
|  |  presence_connect: 0.001
|  |  connect_finished: 120.029
|  |  build_ready: 2.698
|  |  clean_ready: 0.001
|  |  optimize_ready: 2.434
|  |  split_ready: 0.079
13:16:28.983 › [GatewaySocket] Setting connection state to SESSION_ESTABLISHED
13:16:28.983 › [GatewaySocket] Updating resume url to wss://gateway-us-east1-b.discord.gg
13:16:29.013 › [Flux] Dispatching CONNECTION_OPEN
13:16:29.013 › [AuthenticationStore] handleConnectionOpen called [object Object]
13:16:29.014 › [DatabaseManager] removing database (user: 168475521796014081, database: undefined)
13:16:29.014 › [DatabaseManager] added database (168475521796014081 → null)
13:16:29.021 › [NativeDispatchUtils] Tried getting Dispatch instance before instantiated
13:16:29.028 › [OverlayRenderStore] setOverlayEnabled: not supported
13:16:29.038 › [MessageActionCreators] Fetching messages for 948386330998612042 between undefined and undefined. jump={"jumpType":"ANIMATED"}
13:16:29.040 › [OverlayStoreV3] Maybe Enable Overlay
13:16:29.050 › [GatewaySocket] [READY_SUPPLEMENTAL] took 892ms
13:16:29.050 › [GatewaySocket] Setting connection state to SESSION_ESTABLISHED
13:16:29.126 › [discord_protos.discord_users.v1.FrecencyUserSettings] Loading proto
13:16:29.365 › [MessageActionCreators] Fetched 50 messages for 948386330998612042 isBefore:false isAfter:false
13:16:29.370 › [ChannelMessages] loadComplete: resetting state for channelId=948386330998612042, sending.length=0
13:16:31.182 › [libdiscore] isLibdiscoreBlockedDomainsEnabledThisSession: false
mainScreen.UpdaterEvents: CHECK_FOR_UPDATES UPDATE_NOT_AVAILABLE
5/6/2025, 1:16:31 PM GMT+1 [Modules] Checking for host updates.
5/6/2025, 1:16:31 PM GMT+1 [Modules] Host is up to date.
5/6/2025, 1:16:31 PM GMT+1 [Modules] Checking for module updates at https://discord.com/api/modules/stable/versions.json
5/6/2025, 1:16:31 PM GMT+1 [Modules] No module updates available.
legacyModuleUpdater: update-check-finished
13:16:38.236 › [MessageActionCreators] Fetching messages for 709161645049643091 between undefined and undefined. jump={"jumpType":"ANIMATED"}
13:16:38.503 › [MessageActionCreators] Fetched 50 messages for 709161645049643091 isBefore:false isAfter:false
13:16:38.511 › [ChannelMessages] loadComplete: resetting state for channelId=709161645049643091, sending.length=0
13:16:38.979 › [discord_protos.discord_users.v1.FrecencyUserSettings] Scheduling save from markDirty
13:16:38.980 › [discord_protos.discord_users.v1.FrecencyUserSettings] Persisting proto
13:16:39.029 › [ReadStateStore] Deleting ReadState 546773035198316574 0 [object Object]
13:16:39.129 › [ReadStateStore] Deleting ReadState 1337450427137921096 0 [object Object]
13:16:41.124 › [RTCLatencyTestManager] RTC region latency test completed, ranked regions are:  
13:16:41.183 › [FetchBlockedDomain] Fetching blocked domain list
13:16:41.212 › [FetchBlockedDomain] Server revision: 1303, Client revision: 1303
[39834:0506/131642.222129:ERROR:gl_surface_presentation_helper.cc(260)] GetVSyncParametersIfAvailable() failed for 1 times!
[39834:0506/131642.223004:ERROR:gl_surface_presentation_helper.cc(260)] GetVSyncParametersIfAvailable() failed for 2 times!
13:16:43.151 › [KeyboardLayoutMapUtils] KeyboardMapper - Key code mismatch for key shift: 50 !== 16
13:16:44.536 › [KeyboardLayoutMapUtils] KeyboardMapper - Key code mismatch for key meta: 133 !== 91
[39834:0506/131644.651908:ERROR:gl_surface_presentation_helper.cc(260)] GetVSyncParametersIfAvailable() failed for 3 times!
13:17:57.851 › [KeyboardLayoutMapUtils] KeyboardMapper - Key code mismatch for key v: 55 !== 86
[39795:0506/131757.862009:ERROR:atom_cache.cc(230)] Add chromium/x-internal-source-rfh-token to kAtomsToCache
13:17:57.873 › [CloudUpload.tsx] Requesting upload url for upload18
13:17:58.075 › [CloudUpload.tsx] Uploading upload18
13:17:58.630 › [CloudUploaderBase.tsx] setUploadingTextForUI - total content: 35096 bytes and 1 attachments for Uploader20
13:17:58.827 › [CloudUpload.tsx] Upload complete for upload18
13:17:59.303 › [UploaderBase.tsx] _handleComplete for Uploader20
